> Task :compileJava UP-TO-DATE
> Task :processResources UP-TO-DATE
> Task :classes UP-TO-DATE
> Task :resolveMainClassName UP-TO-DATE

> Task :bootRun

  .   ____          _            __ _ _
 /\\ / ___'_ __ _ _(_)_ __  __ _ \ \ \ \
( ( )\___ | '_ | '_| | '_ \/ _` | \ \ \ \
 \\/  ___)| |_)| | | | | || (_| |  ) ) ) )
  '  |____| .__|_| |_|_| |_\__, | / / / /
 =========|_|==============|___/=/_/_/_/

 :: Spring Boot ::                (v3.5.7)

2025-10-26T16:27:34.975+09:00  INFO 84261 --- [homeniq] [  restartedMain] c.h.homeniq.homeniq.HomeniqApplication   : Starting HomeniqApplication using Java 21.0.9 with PID 84261 (/Users/terecal/Documents/homeniq-container/homeniq-backend/build/classes/java/main started by terecal in /Users/terecal/Documents/homeniq-container/homeniq-backend)
2025-10-26T16:27:34.976+09:00 DEBUG 84261 --- [homeniq] [  restartedMain] c.h.homeniq.homeniq.HomeniqApplication   : Running with Spring Boot v3.5.7, Spring v6.2.12
2025-10-26T16:27:34.976+09:00  INFO 84261 --- [homeniq] [  restartedMain] c.h.homeniq.homeniq.HomeniqApplication   : No active profile set, falling back to 1 default profile: "default"
2025-10-26T16:27:34.987+09:00  INFO 84261 --- [homeniq] [  restartedMain] .e.DevToolsPropertyDefaultsPostProcessor : Devtools property defaults active! Set 'spring.devtools.add-properties' to 'false' to disable
2025-10-26T16:27:34.987+09:00  INFO 84261 --- [homeniq] [  restartedMain] .e.DevToolsPropertyDefaultsPostProcessor : For additional web related logging consider setting the 'logging.level.web' property to 'DEBUG'
2025-10-26T16:27:35.245+09:00  WARN 84261 --- [homeniq] [  restartedMain] o.m.s.mapper.ClassPathMapperScanner      : No MyBatis mapper was found in '[com.hyun.homeniq.homeniq]' package. Please check your configuration.
2025-10-26T16:27:35.360+09:00  INFO 84261 --- [homeniq] [  restartedMain] o.s.b.w.embedded.tomcat.TomcatWebServer  : Tomcat initialized with port 9090 (http)
2025-10-26T16:27:35.364+09:00  INFO 84261 --- [homeniq] [  restartedMain] o.apache.catalina.core.StandardService   : Starting service [Tomcat]
2025-10-26T16:27:35.364+09:00  INFO 84261 --- [homeniq] [  restartedMain] o.apache.catalina.core.StandardEngine    : Starting Servlet engine: [Apache Tomcat/10.1.48]
2025-10-26T16:27:35.374+09:00  INFO 84261 --- [homeniq] [  restartedMain] o.a.c.c.C.[Tomcat].[localhost].[/]       : Initializing Spring embedded WebApplicationContext
2025-10-26T16:27:35.375+09:00  INFO 84261 --- [homeniq] [  restartedMain] w.s.c.ServletWebServerApplicationContext : Root WebApplicationContext: initialization completed in 387 ms
2025-10-26T16:27:35.507+09:00  INFO 84261 --- [homeniq] [  restartedMain] o.s.b.a.e.web.EndpointLinksResolver      : Exposing 3 endpoints beneath base path '/actuator'
2025-10-26T16:27:35.517+09:00  WARN 84261 --- [homeniq] [  restartedMain] .s.s.UserDetailsServiceAutoConfiguration : 

Using generated security password: fd30907e-abfa-4f75-af4a-430ec5211576

This generated password is for development use only. Your security configuration must be updated before running your application in production.

2025-10-26T16:27:35.520+09:00  INFO 84261 --- [homeniq] [  restartedMain] r$InitializeUserDetailsManagerConfigurer : Global AuthenticationManager configured with UserDetailsService bean with name inMemoryUserDetailsManager
2025-10-26T16:27:35.542+09:00 DEBUG 84261 --- [homeniq] [  restartedMain] o.s.s.web.DefaultSecurityFilterChain     : Will secure any request with filters: DisableEncodeUrlFilter, WebAsyncManagerIntegrationFilter, SecurityContextHolderFilter, HeaderWriterFilter, CsrfFilter, LogoutFilter, UsernamePasswordAuthenticationFilter, DefaultResourcesFilter, DefaultLoginPageGeneratingFilter, DefaultLogoutPageGeneratingFilter, BasicAuthenticationFilter, RequestCacheAwareFilter, SecurityContextHolderAwareRequestFilter, AnonymousAuthenticationFilter, ExceptionTranslationFilter, AuthorizationFilter
2025-10-26T16:27:35.623+09:00  INFO 84261 --- [homeniq] [  restartedMain] o.s.b.d.a.OptionalLiveReloadServer       : LiveReload server is running on port 35729
2025-10-26T16:27:35.638+09:00  INFO 84261 --- [homeniq] [  restartedMain] o.s.b.w.embedded.tomcat.TomcatWebServer  : Tomcat started on port 9090 (http) with context path '/'
2025-10-26T16:27:35.644+09:00  INFO 84261 --- [homeniq] [  restartedMain] c.h.homeniq.homeniq.HomeniqApplication   : Started HomeniqApplication in 0.776 seconds (process running for 0.887)
2025-10-26T16:28:20.153+09:00  INFO 84261 --- [homeniq] [nio-9090-exec-1] o.a.c.c.C.[Tomcat].[localhost].[/]       : Initializing Spring DispatcherServlet 'dispatcherServlet'
2025-10-26T16:28:20.154+09:00  INFO 84261 --- [homeniq] [nio-9090-exec-1] o.s.web.servlet.DispatcherServlet        : Initializing Servlet 'dispatcherServlet'
2025-10-26T16:28:20.154+09:00  INFO 84261 --- [homeniq] [nio-9090-exec-1] o.s.web.servlet.DispatcherServlet        : Completed initialization in 0 ms
2025-10-26T16:28:20.161+09:00 DEBUG 84261 --- [homeniq] [nio-9090-exec-1] o.s.security.web.FilterChainProxy        : Securing GET /actuator/health
2025-10-26T16:28:20.168+09:00 DEBUG 84261 --- [homeniq] [nio-9090-exec-1] o.s.security.web.FilterChainProxy        : Secured GET /actuator/health
2025-10-26T16:28:20.176+09:00 DEBUG 84261 --- [homeniq] [nio-9090-exec-1] o.s.s.w.a.AnonymousAuthenticationFilter  : Set SecurityContextHolder to anonymous SecurityContext
2025-10-26T16:28:20.177+09:00  INFO 84261 --- [homeniq] [nio-9090-exec-1] com.zaxxer.hikari.HikariDataSource       : HikariPool-1 - Starting...
2025-10-26T16:28:20.235+09:00  INFO 84261 --- [homeniq] [nio-9090-exec-1] com.zaxxer.hikari.pool.HikariPool        : HikariPool-1 - Added connection com.mysql.cj.jdbc.ConnectionImpl@ba49b26
2025-10-26T16:28:20.236+09:00  INFO 84261 --- [homeniq] [nio-9090-exec-1] com.zaxxer.hikari.HikariDataSource       : HikariPool-1 - Start completed.

> Task :bootRun FAILED

FAILURE: Build failed with an exception.

* What went wrong:
Execution failed for task ':bootRun'.
> Process 'command '/Users/terecal/.sdkman/candidates/java/21.0.9-amzn/bin/java'' finished with non-zero exit value 137

* Try:
> Run with --stacktrace option to get the stack trace.
> Run with --info or --debug option to get more log output.
> Run with --scan to get full insights.
> Get more help at https://help.gradle.org.

BUILD FAILED in 1m 16s
4 actionable tasks: 1 executed, 3 up-to-date
